Performing C++ SOURCE FILE Test CMAKE_HAVE_LIBC_PTHREAD failed with the following output:
Change Dir: /home/zorjen/sourceproj/llfcchat/server/chatServer/build/CMakeFiles/CMakeTmp

Run Build Command(s):/usr/bin/make cmTC_b3c25/fast && /usr/bin/make -f CMakeFiles/cmTC_b3c25.dir/build.make CMakeFiles/cmTC_b3c25.dir/build
make[1]: Entering directory '/home/zorjen/sourceproj/llfcchat/server/chatServer/build/CMakeFiles/CMakeTmp'
Building CXX object CMakeFiles/cmTC_b3c25.dir/src.cxx.o
/usr/bin/c++    -DCMAKE_HAVE_LIBC_PTHREAD   -o CMakeFiles/cmTC_b3c25.dir/src.cxx.o -c /home/zorjen/sourceproj/llfcchat/server/chatServer/build/CMakeFiles/CMakeTmp/src.cxx
Linking CXX executable cmTC_b3c25
/usr/bin/cmake -E cmake_link_script CMakeFiles/cmTC_b3c25.dir/link.txt --verbose=1
/usr/bin/c++   -DCMAKE_HAVE_LIBC_PTHREAD    -rdynamic CMakeFiles/cmTC_b3c25.dir/src.cxx.o  -o cmTC_b3c25 
/usr/bin/ld: CMakeFiles/cmTC_b3c25.dir/src.cxx.o: in function `main':
src.cxx:(.text+0x46): undefined reference to `pthread_create'
/usr/bin/ld: src.cxx:(.text+0x52): undefined reference to `pthread_detach'
/usr/bin/ld: src.cxx:(.text+0x63): undefined reference to `pthread_join'
collect2: error: ld returned 1 exit status
make[1]: *** [CMakeFiles/cmTC_b3c25.dir/build.make:87: cmTC_b3c25] Error 1
make[1]: Leaving directory '/home/zorjen/sourceproj/llfcchat/server/chatServer/build/CMakeFiles/CMakeTmp'
make: *** [Makefile:121: cmTC_b3c25/fast] Error 2


Source file was:
#include <pthread.h>

void* test_func(void* data)
{
  return data;
}

int main(void)
{
  pthread_t thread;
  pthread_create(&thread, NULL, test_func, NULL);
  pthread_detach(thread);
  pthread_join(thread, NULL);
  pthread_atfork(NULL, NULL, NULL);
  pthread_exit(NULL);

  return 0;
}

Determining if the function pthread_create exists in the pthreads failed with the following output:
Change Dir: /home/zorjen/sourceproj/llfcchat/server/chatServer/build/CMakeFiles/CMakeTmp

Run Build Command(s):/usr/bin/make cmTC_4620e/fast && /usr/bin/make -f CMakeFiles/cmTC_4620e.dir/build.make CMakeFiles/cmTC_4620e.dir/build
make[1]: Entering directory '/home/zorjen/sourceproj/llfcchat/server/chatServer/build/CMakeFiles/CMakeTmp'
Building CXX object CMakeFiles/cmTC_4620e.dir/CheckFunctionExists.cxx.o
/usr/bin/c++    -DCHECK_FUNCTION_EXISTS=pthread_create   -o CMakeFiles/cmTC_4620e.dir/CheckFunctionExists.cxx.o -c /home/zorjen/sourceproj/llfcchat/server/chatServer/build/CMakeFiles/CheckLibraryExists/CheckFunctionExists.cxx
Linking CXX executable cmTC_4620e
/usr/bin/cmake -E cmake_link_script CMakeFiles/cmTC_4620e.dir/link.txt --verbose=1
/usr/bin/c++   -DCHECK_FUNCTION_EXISTS=pthread_create    -rdynamic CMakeFiles/cmTC_4620e.dir/CheckFunctionExists.cxx.o  -o cmTC_4620e  -lpthreads 
/usr/bin/ld: cannot find -lpthreads
collect2: error: ld returned 1 exit status
make[1]: *** [CMakeFiles/cmTC_4620e.dir/build.make:87: cmTC_4620e] Error 1
make[1]: Leaving directory '/home/zorjen/sourceproj/llfcchat/server/chatServer/build/CMakeFiles/CMakeTmp'
make: *** [Makefile:121: cmTC_4620e/fast] Error 2



Performing C++ SOURCE FILE Test CMAKE_HAVE_LIBC_PTHREAD failed with the following output:
Change Dir: /home/zorjen/sourceproj/llfcchat/server/chatServer2/build/CMakeFiles/CMakeTmp

Run Build Command(s):/usr/bin/make cmTC_046dd/fast && /usr/bin/make -f CMakeFiles/cmTC_046dd.dir/build.make CMakeFiles/cmTC_046dd.dir/build
make[1]: Entering directory '/home/zorjen/sourceproj/llfcchat/server/chatServer2/build/CMakeFiles/CMakeTmp'
Building CXX object CMakeFiles/cmTC_046dd.dir/src.cxx.o
/usr/bin/c++    -DCMAKE_HAVE_LIBC_PTHREAD   -o CMakeFiles/cmTC_046dd.dir/src.cxx.o -c /home/zorjen/sourceproj/llfcchat/server/chatServer2/build/CMakeFiles/CMakeTmp/src.cxx
Linking CXX executable cmTC_046dd
/usr/bin/cmake -E cmake_link_script CMakeFiles/cmTC_046dd.dir/link.txt --verbose=1
/usr/bin/c++   -DCMAKE_HAVE_LIBC_PTHREAD    -rdynamic CMakeFiles/cmTC_046dd.dir/src.cxx.o  -o cmTC_046dd 
/usr/bin/ld: CMakeFiles/cmTC_046dd.dir/src.cxx.o: in function `main':
src.cxx:(.text+0x46): undefined reference to `pthread_create'
/usr/bin/ld: src.cxx:(.text+0x52): undefined reference to `pthread_detach'
/usr/bin/ld: src.cxx:(.text+0x63): undefined reference to `pthread_join'
collect2: error: ld returned 1 exit status
make[1]: *** [CMakeFiles/cmTC_046dd.dir/build.make:87: cmTC_046dd] Error 1
make[1]: Leaving directory '/home/zorjen/sourceproj/llfcchat/server/chatServer2/build/CMakeFiles/CMakeTmp'
make: *** [Makefile:121: cmTC_046dd/fast] Error 2


Source file was:
#include <pthread.h>

void* test_func(void* data)
{
  return data;
}

int main(void)
{
  pthread_t thread;
  pthread_create(&thread, NULL, test_func, NULL);
  pthread_detach(thread);
  pthread_join(thread, NULL);
  pthread_atfork(NULL, NULL, NULL);
  pthread_exit(NULL);

  return 0;
}

Determining if the function pthread_create exists in the pthreads failed with the following output:
Change Dir: /home/zorjen/sourceproj/llfcchat/server/chatServer2/build/CMakeFiles/CMakeTmp

Run Build Command(s):/usr/bin/make cmTC_effb4/fast && /usr/bin/make -f CMakeFiles/cmTC_effb4.dir/build.make CMakeFiles/cmTC_effb4.dir/build
make[1]: Entering directory '/home/zorjen/sourceproj/llfcchat/server/chatServer2/build/CMakeFiles/CMakeTmp'
Building CXX object CMakeFiles/cmTC_effb4.dir/CheckFunctionExists.cxx.o
/usr/bin/c++    -DCHECK_FUNCTION_EXISTS=pthread_create   -o CMakeFiles/cmTC_effb4.dir/CheckFunctionExists.cxx.o -c /home/zorjen/sourceproj/llfcchat/server/chatServer2/build/CMakeFiles/CheckLibraryExists/CheckFunctionExists.cxx
Linking CXX executable cmTC_effb4
/usr/bin/cmake -E cmake_link_script CMakeFiles/cmTC_effb4.dir/link.txt --verbose=1
/usr/bin/c++   -DCHECK_FUNCTION_EXISTS=pthread_create    -rdynamic CMakeFiles/cmTC_effb4.dir/CheckFunctionExists.cxx.o  -o cmTC_effb4  -lpthreads 
/usr/bin/ld: cannot find -lpthreads
collect2: error: ld returned 1 exit status
make[1]: *** [CMakeFiles/cmTC_effb4.dir/build.make:87: cmTC_effb4] Error 1
make[1]: Leaving directory '/home/zorjen/sourceproj/llfcchat/server/chatServer2/build/CMakeFiles/CMakeTmp'
make: *** [Makefile:121: cmTC_effb4/fast] Error 2



