Performing C++ SOURCE FILE Test CMAKE_HAVE_LIBC_PTHREAD failed with the following output:
Change Dir: /home/zorjen/sourceproj/llfcchat/server/GateServer/build/CMakeFiles/CMakeTmp

Run Build Command(s):/usr/bin/make cmTC_87ca3/fast && /usr/bin/make -f CMakeFiles/cmTC_87ca3.dir/build.make CMakeFiles/cmTC_87ca3.dir/build
make[1]: Entering directory '/home/zorjen/sourceproj/llfcchat/server/GateServer/build/CMakeFiles/CMakeTmp'
Building CXX object CMakeFiles/cmTC_87ca3.dir/src.cxx.o
/usr/bin/c++    -DCMAKE_HAVE_LIBC_PTHREAD   -o CMakeFiles/cmTC_87ca3.dir/src.cxx.o -c /home/zorjen/sourceproj/llfcchat/server/GateServer/build/CMakeFiles/CMakeTmp/src.cxx
Linking CXX executable cmTC_87ca3
/usr/bin/cmake -E cmake_link_script CMakeFiles/cmTC_87ca3.dir/link.txt --verbose=1
/usr/bin/c++   -DCMAKE_HAVE_LIBC_PTHREAD    -rdynamic CMakeFiles/cmTC_87ca3.dir/src.cxx.o  -o cmTC_87ca3 
/usr/bin/ld: CMakeFiles/cmTC_87ca3.dir/src.cxx.o: in function `main':
src.cxx:(.text+0x46): undefined reference to `pthread_create'
/usr/bin/ld: src.cxx:(.text+0x52): undefined reference to `pthread_detach'
/usr/bin/ld: src.cxx:(.text+0x63): undefined reference to `pthread_join'
collect2: error: ld returned 1 exit status
make[1]: *** [CMakeFiles/cmTC_87ca3.dir/build.make:87: cmTC_87ca3] Error 1
make[1]: Leaving directory '/home/zorjen/sourceproj/llfcchat/server/GateServer/build/CMakeFiles/CMakeTmp'
make: *** [Makefile:121: cmTC_87ca3/fast] Error 2


Source file was:
#include <pthread.h>

void* test_func(void* data)
{
  return data;
}

int main(void)
{
  pthread_t thread;
  pthread_create(&thread, NULL, test_func, NULL);
  pthread_detach(thread);
  pthread_join(thread, NULL);
  pthread_atfork(NULL, NULL, NULL);
  pthread_exit(NULL);

  return 0;
}

Determining if the function pthread_create exists in the pthreads failed with the following output:
Change Dir: /home/zorjen/sourceproj/llfcchat/server/GateServer/build/CMakeFiles/CMakeTmp

Run Build Command(s):/usr/bin/make cmTC_da467/fast && /usr/bin/make -f CMakeFiles/cmTC_da467.dir/build.make CMakeFiles/cmTC_da467.dir/build
make[1]: Entering directory '/home/zorjen/sourceproj/llfcchat/server/GateServer/build/CMakeFiles/CMakeTmp'
Building CXX object CMakeFiles/cmTC_da467.dir/CheckFunctionExists.cxx.o
/usr/bin/c++    -DCHECK_FUNCTION_EXISTS=pthread_create   -o CMakeFiles/cmTC_da467.dir/CheckFunctionExists.cxx.o -c /home/zorjen/sourceproj/llfcchat/server/GateServer/build/CMakeFiles/CheckLibraryExists/CheckFunctionExists.cxx
Linking CXX executable cmTC_da467
/usr/bin/cmake -E cmake_link_script CMakeFiles/cmTC_da467.dir/link.txt --verbose=1
/usr/bin/c++   -DCHECK_FUNCTION_EXISTS=pthread_create    -rdynamic CMakeFiles/cmTC_da467.dir/CheckFunctionExists.cxx.o  -o cmTC_da467  -lpthreads 
/usr/bin/ld: cannot find -lpthreads
collect2: error: ld returned 1 exit status
make[1]: *** [CMakeFiles/cmTC_da467.dir/build.make:87: cmTC_da467] Error 1
make[1]: Leaving directory '/home/zorjen/sourceproj/llfcchat/server/GateServer/build/CMakeFiles/CMakeTmp'
make: *** [Makefile:121: cmTC_da467/fast] Error 2



Performing C++ SOURCE FILE Test CMAKE_HAVE_LIBC_PTHREAD failed with the following output:
Change Dir: /home/zorjen/sourceproj/llfcchat/server/gateServer/build/CMakeFiles/CMakeTmp

Run Build Command(s):/usr/bin/make cmTC_46362/fast && /usr/bin/make -f CMakeFiles/cmTC_46362.dir/build.make CMakeFiles/cmTC_46362.dir/build
make[1]: Entering directory '/home/zorjen/sourceproj/llfcchat/server/gateServer/build/CMakeFiles/CMakeTmp'
Building CXX object CMakeFiles/cmTC_46362.dir/src.cxx.o
/usr/bin/c++    -DCMAKE_HAVE_LIBC_PTHREAD   -o CMakeFiles/cmTC_46362.dir/src.cxx.o -c /home/zorjen/sourceproj/llfcchat/server/gateServer/build/CMakeFiles/CMakeTmp/src.cxx
Linking CXX executable cmTC_46362
/usr/bin/cmake -E cmake_link_script CMakeFiles/cmTC_46362.dir/link.txt --verbose=1
/usr/bin/c++   -DCMAKE_HAVE_LIBC_PTHREAD    -rdynamic CMakeFiles/cmTC_46362.dir/src.cxx.o  -o cmTC_46362 
/usr/bin/ld: CMakeFiles/cmTC_46362.dir/src.cxx.o: in function `main':
src.cxx:(.text+0x46): undefined reference to `pthread_create'
/usr/bin/ld: src.cxx:(.text+0x52): undefined reference to `pthread_detach'
/usr/bin/ld: src.cxx:(.text+0x63): undefined reference to `pthread_join'
collect2: error: ld returned 1 exit status
make[1]: *** [CMakeFiles/cmTC_46362.dir/build.make:87: cmTC_46362] Error 1
make[1]: Leaving directory '/home/zorjen/sourceproj/llfcchat/server/gateServer/build/CMakeFiles/CMakeTmp'
make: *** [Makefile:121: cmTC_46362/fast] Error 2


Source file was:
#include <pthread.h>

void* test_func(void* data)
{
  return data;
}

int main(void)
{
  pthread_t thread;
  pthread_create(&thread, NULL, test_func, NULL);
  pthread_detach(thread);
  pthread_join(thread, NULL);
  pthread_atfork(NULL, NULL, NULL);
  pthread_exit(NULL);

  return 0;
}

Determining if the function pthread_create exists in the pthreads failed with the following output:
Change Dir: /home/zorjen/sourceproj/llfcchat/server/gateServer/build/CMakeFiles/CMakeTmp

Run Build Command(s):/usr/bin/make cmTC_2fde6/fast && /usr/bin/make -f CMakeFiles/cmTC_2fde6.dir/build.make CMakeFiles/cmTC_2fde6.dir/build
make[1]: Entering directory '/home/zorjen/sourceproj/llfcchat/server/gateServer/build/CMakeFiles/CMakeTmp'
Building CXX object CMakeFiles/cmTC_2fde6.dir/CheckFunctionExists.cxx.o
/usr/bin/c++    -DCHECK_FUNCTION_EXISTS=pthread_create   -o CMakeFiles/cmTC_2fde6.dir/CheckFunctionExists.cxx.o -c /home/zorjen/sourceproj/llfcchat/server/gateServer/build/CMakeFiles/CheckLibraryExists/CheckFunctionExists.cxx
Linking CXX executable cmTC_2fde6
/usr/bin/cmake -E cmake_link_script CMakeFiles/cmTC_2fde6.dir/link.txt --verbose=1
/usr/bin/c++   -DCHECK_FUNCTION_EXISTS=pthread_create    -rdynamic CMakeFiles/cmTC_2fde6.dir/CheckFunctionExists.cxx.o  -o cmTC_2fde6  -lpthreads 
/usr/bin/ld: cannot find -lpthreads
collect2: error: ld returned 1 exit status
make[1]: *** [CMakeFiles/cmTC_2fde6.dir/build.make:87: cmTC_2fde6] Error 1
make[1]: Leaving directory '/home/zorjen/sourceproj/llfcchat/server/gateServer/build/CMakeFiles/CMakeTmp'
make: *** [Makefile:121: cmTC_2fde6/fast] Error 2



